# JRE version: OpenJDK Runtime Environment Temurin-21.0.7+6 (21.0.7+6) (build 21.0.7+6-LTS)
# Java VM: OpenJDK 64-Bit Server VM Temurin-21.0.7+6 (21.0.7+6-LTS, mixed mode, sharing, tiered, compressed oops, compressed class ptrs, g1 gc, windows-amd64)
GC Precious Log:
 CardTable entry size: 512
 Card Set container configuration: InlinePtr #cards 4 size 8 Array Of Cards #cards 16 size 48 Howl #buckets 8 coarsen threshold 3686 Howl Bitmap #cards 512 size 80 coarsen threshold 460 Card regions per heap region 1 cards per card region 4096
 CPUs: 8 total, 8 available
 Memory: 16227M
 Large Page Support: Disabled
 NUMA Support: Disabled
 Compressed Oops: Enabled (Zero based)
 Heap Region Size: 2M
 Heap Min Capacity: 8M
 Heap Initial Capacity: 254M
 Heap Max Capacity: 4058M
 Pre-touch: Disabled
 Parallel Workers: 8
 Concurrent Workers: 2
 Concurrent Refinement Workers: 8
 Periodic GC: Disabled
Heap:
 garbage-first heap   total 131072K, used 117859K [0x0000000702600000, 0x0000000800000000)
  region size 2048K, 32 young (65536K), 4 survivors (8192K)
 Metaspace       used 39226K, committed 39616K, reserved 1114112K
  class space    used 4411K, committed 4544K, reserved 1048576K
GC Heap History (18 events):
Event: 4.083 GC heap before
{Heap before GC invocations=0 (full 0):
 garbage-first heap   total 260096K, used 20480K [0x0000000702600000, 0x0000000800000000)
  region size 2048K, 11 young (22528K), 0 survivors (0K)
 Metaspace       used 5644K, committed 5824K, reserved 1114112K
  class space    used 652K, committed 768K, reserved 1048576K
}
Event: 4.088 GC heap after
{Heap after GC invocations=1 (full 0):
 garbage-first heap   total 260096K, used 3906K [0x0000000702600000, 0x0000000800000000)
  region size 2048K, 2 young (4096K), 2 survivors (4096K)
 Metaspace       used 5644K, committed 5824K, reserved 1114112K
  class space    used 652K, committed 768K, reserved 1048576K
}
Event: 4.699 GC heap before
{Heap before GC invocations=1 (full 0):
 garbage-first heap   total 260096K, used 34626K [0x0000000702600000, 0x0000000800000000)
  region size 2048K, 18 young (36864K), 2 survivors (4096K)
 Metaspace       used 9965K, committed 10176K, reserved 1114112K
  class space    used 1176K, committed 1280K, reserved 1048576K
}
Event: 4.704 GC heap after
{Heap after GC invocations=2 (full 0):
 garbage-first heap   total 260096K, used 5344K [0x0000000702600000, 0x0000000800000000)
  region size 2048K, 1 young (2048K), 1 survivors (2048K)
 Metaspace       used 9965K, committed 10176K, reserved 1114112K
  class space    used 1176K, committed 1280K, reserved 1048576K
}
Event: 6.538 GC heap before
{Heap before GC invocations=2 (full 0):
 garbage-first heap   total 260096K, used 54496K [0x0000000702600000, 0x0000000800000000)
  region size 2048K, 27 young (55296K), 1 survivors (2048K)
 Metaspace       used 21261K, committed 21504K, reserved 1114112K
  class space    used 2489K, committed 2624K, reserved 1048576K
}
Event: 6.549 GC heap after
{Heap after GC invocations=3 (full 0):
 garbage-first heap   total 260096K, used 12321K [0x0000000702600000, 0x0000000800000000)
  region size 2048K, 5 young (10240K), 5 survivors (10240K)
 Metaspace       used 21261K, committed 21504K, reserved 1114112K
  class space    used 2489K, committed 2624K, reserved 1048576K
}
Event: 7.395 GC heap before
{Heap before GC invocations=4 (full 0):
 garbage-first heap   total 49152K, used 47137K [0x0000000702600000, 0x0000000800000000)
  region size 2048K, 22 young (45056K), 5 survivors (10240K)
 Metaspace       used 24010K, committed 24256K, reserved 1114112K
  class space    used 2789K, committed 2880K, reserved 1048576K
}
Event: 7.406 GC heap after
{Heap after GC invocations=5 (full 0):
 garbage-first heap   total 61440K, used 15140K [0x0000000702600000, 0x0000000800000000)
  region size 2048K, 6 young (12288K), 6 survivors (12288K)
 Metaspace       used 24010K, committed 24256K, reserved 1114112K
  class space    used 2789K, committed 2880K, reserved 1048576K
}
Event: 7.694 GC heap before
{Heap before GC invocations=5 (full 0):
 garbage-first heap   total 61440K, used 39716K [0x0000000702600000, 0x0000000800000000)
  region size 2048K, 18 young (36864K), 6 survivors (12288K)
 Metaspace       used 24246K, committed 24512K, reserved 1114112K
  class space    used 2793K, committed 2880K, reserved 1048576K
}
Event: 7.708 GC heap after
{Heap after GC invocations=6 (full 0):
 garbage-first heap   total 61440K, used 17211K [0x0000000702600000, 0x0000000800000000)
  region size 2048K, 3 young (6144K), 3 survivors (6144K)
 Metaspace       used 24246K, committed 24512K, reserved 1114112K
  class space    used 2793K, committed 2880K, reserved 1048576K
}
Event: 8.162 GC heap before
{Heap before GC invocations=6 (full 0):
 garbage-first heap   total 61440K, used 47931K [0x0000000702600000, 0x0000000800000000)
  region size 2048K, 18 young (36864K), 3 survivors (6144K)
 Metaspace       used 24453K, committed 24704K, reserved 1114112K
  class space    used 2793K, committed 2880K, reserved 1048576K
}
Event: 8.167 GC heap after
{Heap after GC invocations=7 (full 0):
 garbage-first heap   total 61440K, used 18306K [0x0000000702600000, 0x0000000800000000)
  region size 2048K, 2 young (4096K), 2 survivors (4096K)
 Metaspace       used 24453K, committed 24704K, reserved 1114112K
  class space    used 2793K, committed 2880K, reserved 1048576K
}
Event: 8.393 GC heap before
{Heap before GC invocations=7 (full 0):
 garbage-first heap   total 61440K, used 51074K [0x0000000702600000, 0x0000000800000000)
  region size 2048K, 18 young (36864K), 2 survivors (4096K)
 Metaspace       used 24648K, committed 24896K, reserved 1114112K
  class space    used 2794K, committed 2880K, reserved 1048576K
}
Event: 8.398 GC heap after
{Heap after GC invocations=8 (full 0):
 garbage-first heap   total 161792K, used 18586K [0x0000000702600000, 0x0000000800000000)
  region size 2048K, 2 young (4096K), 2 survivors (4096K)
 Metaspace       used 24648K, committed 24896K, reserved 1114112K
  class space    used 2794K, committed 2880K, reserved 1048576K
}
Event: 10.191 GC heap before
{Heap before GC invocations=8 (full 0):
 garbage-first heap   total 161792K, used 108698K [0x0000000702600000, 0x0000000800000000)
  region size 2048K, 47 young (96256K), 2 survivors (4096K)
 Metaspace       used 33989K, committed 34368K, reserved 1114112K
  class space    used 3815K, committed 4032K, reserved 1048576K
}
Event: 10.210 GC heap after
{Heap after GC invocations=9 (full 0):
 garbage-first heap   total 161792K, used 36619K [0x0000000702600000, 0x0000000800000000)
  region size 2048K, 6 young (12288K), 6 survivors (12288K)
 Metaspace       used 33989K, committed 34368K, reserved 1114112K
  class space    used 3815K, committed 4032K, reserved 1048576K
}
Event: 12.021 GC heap before
{Heap before GC invocations=9 (full 0):
 garbage-first heap   total 161792K, used 96011K [0x0000000702600000, 0x0000000800000000)
  region size 2048K, 36 young (73728K), 6 survivors (12288K)
 Metaspace       used 35798K, committed 36160K, reserved 1114112K
  class space    used 4007K, committed 4160K, reserved 1048576K
}
Event: 12.030 GC heap after
{Heap after GC invocations=10 (full 0):
 garbage-first heap   total 161792K, used 37987K [0x0000000702600000, 0x0000000800000000)
  region size 2048K, 4 young (8192K), 4 survivors (8192K)
 Metaspace       used 35798K, committed 36160K, reserved 1114112K
  class space    used 4007K, committed 4160K, reserved 1048576K
}

