# JRE version: OpenJDK Runtime Environment Temurin-21.0.6+7 (21.0.6+7) (build 21.0.6+7-LTS)
# Java VM: OpenJDK 64-Bit Server VM Temurin-21.0.6+7 (21.0.6+7-LTS, mixed mode, sharing, tiered, compressed oops, compressed class ptrs, parallel gc, windows-amd64)
GC Precious Log:
 CardTable entry size: 512
 CPUs: 8 total, 8 available
 Memory: 16227M
 Large Page Support: Disabled
 NUMA Support: Disabled
 Compressed Oops: Enabled (32-bit)
 Alignments: Space 512K, Generation 512K, Heap 2M
 Heap Min Capacity: 100M
 Heap Initial Capacity: 100M
 Heap Max Capacity: 1G
 Pre-touch: Disabled
 Parallel Workers: 8
Heap:
 PSYoungGen      total 12800K, used 12784K [0x00000000eab00000, 0x00000000eb900000, 0x0000000100000000)
  eden space 11264K, 100% used [0x00000000eab00000,0x00000000eb600000,0x00000000eb600000)
  from space 1536K, 98% used [0x00000000eb780000,0x00000000eb8fc268,0x00000000eb900000)
  to   space 1536K, 93% used [0x00000000eb600000,0x00000000eb768000,0x00000000eb780000)
 ParOldGen       total 647680K, used 647263K [0x00000000c0000000, 0x00000000e7880000, 0x00000000eab00000)
  object space 647680K, 99% used [0x00000000c0000000,0x00000000e781dff8,0x00000000e7880000)
 Metaspace       used 84710K, committed 86272K, reserved 1179648K
  class space    used 8573K, committed 9280K, reserved 1048576K
GC Heap History (20 events):
Event: 3353.360 GC heap before
{Heap before GC invocations=4383 (full 6):
 PSYoungGen      total 12800K, used 12709K [0x00000000eab00000, 0x00000000eb980000, 0x0000000100000000)
  eden space 11264K, 100% used [0x00000000eab00000,0x00000000eb600000,0x00000000eb600000)
  from space 1536K, 94% used [0x00000000eb800000,0x00000000eb9695b8,0x00000000eb980000)
  to   space 1536K, 0% used [0x00000000eb600000,0x00000000eb600000,0x00000000eb780000)
 ParOldGen       total 636416K, used 636123K [0x00000000c0000000, 0x00000000e6d80000, 0x00000000eab00000)
  object space 636416K, 99% used [0x00000000c0000000,0x00000000e6d36de0,0x00000000e6d80000)
 Metaspace       used 84703K, committed 86272K, reserved 1179648K
  class space    used 8573K, committed 9280K, reserved 1048576K
}
Event: 3353.368 GC heap after
{Heap after GC invocations=4383 (full 6):
 PSYoungGen      total 12800K, used 1344K [0x00000000eab00000, 0x00000000eb900000, 0x0000000100000000)
  eden space 11264K, 0% used [0x00000000eab00000,0x00000000eab00000,0x00000000eb600000)
  from space 1536K, 87% used [0x00000000eb600000,0x00000000eb750010,0x00000000eb780000)
  to   space 1536K, 0% used [0x00000000eb780000,0x00000000eb780000,0x00000000eb900000)
 ParOldGen       total 637440K, used 637259K [0x00000000c0000000, 0x00000000e6e80000, 0x00000000eab00000)
  object space 637440K, 99% used [0x00000000c0000000,0x00000000e6e52de0,0x00000000e6e80000)
 Metaspace       used 84703K, committed 86272K, reserved 1179648K
  class space    used 8573K, committed 9280K, reserved 1048576K
}
Event: 3353.389 GC heap before
{Heap before GC invocations=4384 (full 6):
 PSYoungGen      total 12800K, used 12608K [0x00000000eab00000, 0x00000000eb900000, 0x0000000100000000)
  eden space 11264K, 100% used [0x00000000eab00000,0x00000000eb600000,0x00000000eb600000)
  from space 1536K, 87% used [0x00000000eb600000,0x00000000eb750010,0x00000000eb780000)
  to   space 1536K, 0% used [0x00000000eb780000,0x00000000eb780000,0x00000000eb900000)
 ParOldGen       total 637440K, used 637259K [0x00000000c0000000, 0x00000000e6e80000, 0x00000000eab00000)
  object space 637440K, 99% used [0x00000000c0000000,0x00000000e6e52de0,0x00000000e6e80000)
 Metaspace       used 84709K, committed 86272K, reserved 1179648K
  class space    used 8573K, committed 9280K, reserved 1048576K
}
Event: 3353.394 GC heap after
{Heap after GC invocations=4384 (full 6):
 PSYoungGen      total 12800K, used 1056K [0x00000000eab00000, 0x00000000eb900000, 0x0000000100000000)
  eden space 11264K, 0% used [0x00000000eab00000,0x00000000eab00000,0x00000000eb600000)
  from space 1536K, 68% used [0x00000000eb780000,0x00000000eb888000,0x00000000eb900000)
  to   space 1536K, 0% used [0x00000000eb600000,0x00000000eb600000,0x00000000eb780000)
 ParOldGen       total 638464K, used 638283K [0x00000000c0000000, 0x00000000e6f80000, 0x00000000eab00000)
  object space 638464K, 99% used [0x00000000c0000000,0x00000000e6f52de0,0x00000000e6f80000)
 Metaspace       used 84709K, committed 86272K, reserved 1179648K
  class space    used 8573K, committed 9280K, reserved 1048576K
}
Event: 3353.454 GC heap before
{Heap before GC invocations=4385 (full 6):
 PSYoungGen      total 12800K, used 12320K [0x00000000eab00000, 0x00000000eb900000, 0x0000000100000000)
  eden space 11264K, 100% used [0x00000000eab00000,0x00000000eb600000,0x00000000eb600000)
  from space 1536K, 68% used [0x00000000eb780000,0x00000000eb888000,0x00000000eb900000)
  to   space 1536K, 0% used [0x00000000eb600000,0x00000000eb600000,0x00000000eb780000)
 ParOldGen       total 638464K, used 638283K [0x00000000c0000000, 0x00000000e6f80000, 0x00000000eab00000)
  object space 638464K, 99% used [0x00000000c0000000,0x00000000e6f52de0,0x00000000e6f80000)
 Metaspace       used 84709K, committed 86272K, reserved 1179648K
  class space    used 8573K, committed 9280K, reserved 1048576K
}
Event: 3353.461 GC heap after
{Heap after GC invocations=4385 (full 6):
 PSYoungGen      total 12800K, used 992K [0x00000000eab00000, 0x00000000eb900000, 0x0000000100000000)
  eden space 11264K, 0% used [0x00000000eab00000,0x00000000eab00000,0x00000000eb600000)
  from space 1536K, 64% used [0x00000000eb600000,0x00000000eb6f8000,0x00000000eb780000)
  to   space 1536K, 0% used [0x00000000eb780000,0x00000000eb780000,0x00000000eb900000)
 ParOldGen       total 638976K, used 638747K [0x00000000c0000000, 0x00000000e7000000, 0x00000000eab00000)
  object space 638976K, 99% used [0x00000000c0000000,0x00000000e6fc6de0,0x00000000e7000000)
 Metaspace       used 84709K, committed 86272K, reserved 1179648K
  class space    used 8573K, committed 9280K, reserved 1048576K
}
Event: 3353.533 GC heap before
{Heap before GC invocations=4386 (full 6):
 PSYoungGen      total 12800K, used 12256K [0x00000000eab00000, 0x00000000eb900000, 0x0000000100000000)
  eden space 11264K, 100% used [0x00000000eab00000,0x00000000eb600000,0x00000000eb600000)
  from space 1536K, 64% used [0x00000000eb600000,0x00000000eb6f8000,0x00000000eb780000)
  to   space 1536K, 0% used [0x00000000eb780000,0x00000000eb780000,0x00000000eb900000)
 ParOldGen       total 638976K, used 638747K [0x00000000c0000000, 0x00000000e7000000, 0x00000000eab00000)
  object space 638976K, 99% used [0x00000000c0000000,0x00000000e6fc6de0,0x00000000e7000000)
 Metaspace       used 84709K, committed 86272K, reserved 1179648K
  class space    used 8573K, committed 9280K, reserved 1048576K
}
Event: 3353.540 GC heap after
{Heap after GC invocations=4386 (full 6):
 PSYoungGen      total 12800K, used 1088K [0x00000000eab00000, 0x00000000eb900000, 0x0000000100000000)
  eden space 11264K, 0% used [0x00000000eab00000,0x00000000eab00000,0x00000000eb600000)
  from space 1536K, 70% used [0x00000000eb780000,0x00000000eb890000,0x00000000eb900000)
  to   space 1536K, 0% used [0x00000000eb600000,0x00000000eb600000,0x00000000eb780000)
 ParOldGen       total 640000K, used 639603K [0x00000000c0000000, 0x00000000e7100000, 0x00000000eab00000)
  object space 640000K, 99% used [0x00000000c0000000,0x00000000e709cde0,0x00000000e7100000)
 Metaspace       used 84709K, committed 86272K, reserved 1179648K
  class space    used 8573K, committed 9280K, reserved 1048576K
}
Event: 3353.612 GC heap before
{Heap before GC invocations=4387 (full 6):
 PSYoungGen      total 12800K, used 12352K [0x00000000eab00000, 0x00000000eb900000, 0x0000000100000000)
  eden space 11264K, 100% used [0x00000000eab00000,0x00000000eb600000,0x00000000eb600000)
  from space 1536K, 70% used [0x00000000eb780000,0x00000000eb890000,0x00000000eb900000)
  to   space 1536K, 0% used [0x00000000eb600000,0x00000000eb600000,0x00000000eb780000)
 ParOldGen       total 640000K, used 639603K [0x00000000c0000000, 0x00000000e7100000, 0x00000000eab00000)
  object space 640000K, 99% used [0x00000000c0000000,0x00000000e709cde0,0x00000000e7100000)
 Metaspace       used 84709K, committed 86272K, reserved 1179648K
  class space    used 8573K, committed 9280K, reserved 1048576K
}
Event: 3353.617 GC heap after
{Heap after GC invocations=4387 (full 6):
 PSYoungGen      total 12800K, used 1248K [0x00000000eab00000, 0x00000000eb900000, 0x0000000100000000)
  eden space 11264K, 0% used [0x00000000eab00000,0x00000000eab00000,0x00000000eb600000)
  from space 1536K, 81% used [0x00000000eb600000,0x00000000eb738000,0x00000000eb780000)
  to   space 1536K, 0% used [0x00000000eb780000,0x00000000eb780000,0x00000000eb900000)
 ParOldGen       total 641024K, used 640579K [0x00000000c0000000, 0x00000000e7200000, 0x00000000eab00000)
  object space 641024K, 99% used [0x00000000c0000000,0x00000000e7190de0,0x00000000e7200000)
 Metaspace       used 84709K, committed 86272K, reserved 1179648K
  class space    used 8573K, committed 9280K, reserved 1048576K
}
Event: 3353.687 GC heap before
{Heap before GC invocations=4388 (full 6):
 PSYoungGen      total 12800K, used 12512K [0x00000000eab00000, 0x00000000eb900000, 0x0000000100000000)
  eden space 11264K, 100% used [0x00000000eab00000,0x00000000eb600000,0x00000000eb600000)
  from space 1536K, 81% used [0x00000000eb600000,0x00000000eb738000,0x00000000eb780000)
  to   space 1536K, 0% used [0x00000000eb780000,0x00000000eb780000,0x00000000eb900000)
 ParOldGen       total 641024K, used 640579K [0x00000000c0000000, 0x00000000e7200000, 0x00000000eab00000)
  object space 641024K, 99% used [0x00000000c0000000,0x00000000e7190de0,0x00000000e7200000)
 Metaspace       used 84709K, committed 86272K, reserved 1179648K
  class space    used 8573K, committed 9280K, reserved 1048576K
}
Event: 3353.690 GC heap after
{Heap after GC invocations=4388 (full 6):
 PSYoungGen      total 12800K, used 1399K [0x00000000eab00000, 0x00000000eb900000, 0x0000000100000000)
  eden space 11264K, 0% used [0x00000000eab00000,0x00000000eab00000,0x00000000eb600000)
  from space 1536K, 91% used [0x00000000eb780000,0x00000000eb8ddc60,0x00000000eb900000)
  to   space 1536K, 0% used [0x00000000eb600000,0x00000000eb600000,0x00000000eb780000)
 ParOldGen       total 641536K, used 641527K [0x00000000c0000000, 0x00000000e7280000, 0x00000000eab00000)
  object space 641536K, 99% used [0x00000000c0000000,0x00000000e727dfe8,0x00000000e7280000)
 Metaspace       used 84709K, committed 86272K, reserved 1179648K
  class space    used 8573K, committed 9280K, reserved 1048576K
}
Event: 3353.759 GC heap before
{Heap before GC invocations=4389 (full 6):
 PSYoungGen      total 12800K, used 12663K [0x00000000eab00000, 0x00000000eb900000, 0x0000000100000000)
  eden space 11264K, 100% used [0x00000000eab00000,0x00000000eb600000,0x00000000eb600000)
  from space 1536K, 91% used [0x00000000eb780000,0x00000000eb8ddc60,0x00000000eb900000)
  to   space 1536K, 0% used [0x00000000eb600000,0x00000000eb600000,0x00000000eb780000)
 ParOldGen       total 641536K, used 641527K [0x00000000c0000000, 0x00000000e7280000, 0x00000000eab00000)
  object space 641536K, 99% used [0x00000000c0000000,0x00000000e727dfe8,0x00000000e7280000)
 Metaspace       used 84710K, committed 86272K, reserved 1179648K
  class space    used 8573K, committed 9280K, reserved 1048576K
}
Event: 3353.766 GC heap after
{Heap after GC invocations=4389 (full 6):
 PSYoungGen      total 12800K, used 1248K [0x00000000eab00000, 0x00000000eb900000, 0x0000000100000000)
  eden space 11264K, 0% used [0x00000000eab00000,0x00000000eab00000,0x00000000eb600000)
  from space 1536K, 81% used [0x00000000eb600000,0x00000000eb738000,0x00000000eb780000)
  to   space 1536K, 0% used [0x00000000eb780000,0x00000000eb780000,0x00000000eb900000)
 ParOldGen       total 642560K, used 642527K [0x00000000c0000000, 0x00000000e7380000, 0x00000000eab00000)
  object space 642560K, 99% used [0x00000000c0000000,0x00000000e7377fe8,0x00000000e7380000)
 Metaspace       used 84710K, committed 86272K, reserved 1179648K
  class space    used 8573K, committed 9280K, reserved 1048576K
}
Event: 3353.816 GC heap before
{Heap before GC invocations=4390 (full 6):
 PSYoungGen      total 12800K, used 12512K [0x00000000eab00000, 0x00000000eb900000, 0x0000000100000000)
  eden space 11264K, 100% used [0x00000000eab00000,0x00000000eb600000,0x00000000eb600000)
  from space 1536K, 81% used [0x00000000eb600000,0x00000000eb738000,0x00000000eb780000)
  to   space 1536K, 0% used [0x00000000eb780000,0x00000000eb780000,0x00000000eb900000)
 ParOldGen       total 642560K, used 642527K [0x00000000c0000000, 0x00000000e7380000, 0x00000000eab00000)
  object space 642560K, 99% used [0x00000000c0000000,0x00000000e7377fe8,0x00000000e7380000)
 Metaspace       used 84710K, committed 86272K, reserved 1179648K
  class space    used 8573K, committed 9280K, reserved 1048576K
}
Event: 3353.819 GC heap after
{Heap after GC invocations=4390 (full 6):
 PSYoungGen      total 12800K, used 1248K [0x00000000eab00000, 0x00000000eb900000, 0x0000000100000000)
  eden space 11264K, 0% used [0x00000000eab00000,0x00000000eab00000,0x00000000eb600000)
  from space 1536K, 81% used [0x00000000eb780000,0x00000000eb8b8000,0x00000000eb900000)
  to   space 1536K, 0% used [0x00000000eb600000,0x00000000eb600000,0x00000000eb780000)
 ParOldGen       total 643584K, used 643535K [0x00000000c0000000, 0x00000000e7480000, 0x00000000eab00000)
  object space 643584K, 99% used [0x00000000c0000000,0x00000000e7473fe8,0x00000000e7480000)
 Metaspace       used 84710K, committed 86272K, reserved 1179648K
  class space    used 8573K, committed 9280K, reserved 1048576K
}
Event: 3353.886 GC heap before
{Heap before GC invocations=4391 (full 6):
 PSYoungGen      total 12800K, used 12512K [0x00000000eab00000, 0x00000000eb900000, 0x0000000100000000)
  eden space 11264K, 100% used [0x00000000eab00000,0x00000000eb600000,0x00000000eb600000)
  from space 1536K, 81% used [0x00000000eb780000,0x00000000eb8b8000,0x00000000eb900000)
  to   space 1536K, 0% used [0x00000000eb600000,0x00000000eb600000,0x00000000eb780000)
 ParOldGen       total 643584K, used 643535K [0x00000000c0000000, 0x00000000e7480000, 0x00000000eab00000)
  object space 643584K, 99% used [0x00000000c0000000,0x00000000e7473fe8,0x00000000e7480000)
 Metaspace       used 84710K, committed 86272K, reserved 1179648K
  class space    used 8573K, committed 9280K, reserved 1048576K
}
Event: 3353.893 GC heap after
{Heap after GC invocations=4391 (full 6):
 PSYoungGen      total 12800K, used 1408K [0x00000000eab00000, 0x00000000eb900000, 0x0000000100000000)
  eden space 11264K, 0% used [0x00000000eab00000,0x00000000eab00000,0x00000000eb600000)
  from space 1536K, 91% used [0x00000000eb600000,0x00000000eb760000,0x00000000eb780000)
  to   space 1536K, 0% used [0x00000000eb780000,0x00000000eb780000,0x00000000eb900000)
 ParOldGen       total 645120K, used 644695K [0x00000000c0000000, 0x00000000e7600000, 0x00000000eab00000)
  object space 645120K, 99% used [0x00000000c0000000,0x00000000e7595ff8,0x00000000e7600000)
 Metaspace       used 84710K, committed 86272K, reserved 1179648K
  class space    used 8573K, committed 9280K, reserved 1048576K
}
Event: 3353.965 GC heap before
{Heap before GC invocations=4392 (full 6):
 PSYoungGen      total 12800K, used 12672K [0x00000000eab00000, 0x00000000eb900000, 0x0000000100000000)
  eden space 11264K, 100% used [0x00000000eab00000,0x00000000eb600000,0x00000000eb600000)
  from space 1536K, 91% used [0x00000000eb600000,0x00000000eb760000,0x00000000eb780000)
  to   space 1536K, 0% used [0x00000000eb780000,0x00000000eb780000,0x00000000eb900000)
 ParOldGen       total 645120K, used 644695K [0x00000000c0000000, 0x00000000e7600000, 0x00000000eab00000)
  object space 645120K, 99% used [0x00000000c0000000,0x00000000e7595ff8,0x00000000e7600000)
 Metaspace       used 84710K, committed 86272K, reserved 1179648K
  class space    used 8573K, committed 9280K, reserved 1048576K
}
Event: 3353.969 GC heap after
{Heap after GC invocations=4392 (full 6):
 PSYoungGen      total 12800K, used 1520K [0x00000000eab00000, 0x00000000eb900000, 0x0000000100000000)
  eden space 11264K, 0% used [0x00000000eab00000,0x00000000eab00000,0x00000000eb600000)
  from space 1536K, 98% used [0x00000000eb780000,0x00000000eb8fc268,0x00000000eb900000)
  to   space 1536K, 0% used [0x00000000eb600000,0x00000000eb600000,0x00000000eb780000)
 ParOldGen       total 646144K, used 645999K [0x00000000c0000000, 0x00000000e7700000, 0x00000000eab00000)
  object space 646144K, 99% used [0x00000000c0000000,0x00000000e76dbff8,0x00000000e7700000)
 Metaspace       used 84710K, committed 86272K, reserved 1179648K
  class space    used 8573K, committed 9280K, reserved 1048576K
}

